2021-04-07 14:39:15 INFO  Logging:12 - Info here
2021-04-07 14:39:15 FATAL Logging:14 - Fatal here
2021-04-07 14:39:15 ERROR Logging:15 - Error here
2021-04-07 14:39:15 WARN  Logging:17 - Warning here
2021-04-07 14:41:12 INFO  consoleRunner:43 - Logged in successfully
2021-04-07 16:16:46 INFO  ConsoleRunner:39 - Logged in successfully
2021-04-07 16:17:58 INFO  ConsoleRunner:39 - Logged in successfully
2021-04-07 16:18:52 INFO  ConsoleRunner:39 - Logged in successfully
2021-04-07 16:20:13 INFO  ConsoleRunner:39 - Logged in successfully
2021-04-07 16:22:44 INFO  ConsoleRunner:39 - Logged in successfully
2021-04-07 16:38:13 INFO  ConsoleRunner:39 - Logged in successfully
2021-04-07 16:44:02 INFO  ConsoleRunner:39 - Logged in successfully
2021-04-07 18:53:06 INFO  ConsoleRunner:39 - Logged in successfully
2021-04-07 18:53:40 INFO  ConsoleRunner:83 - Executing Create Query
2021-04-07 18:55:06 INFO  ConsoleRunner:83 - Executing Create Query
2021-04-07 19:47:28 INFO  ConsoleRunner:39 - Logged in successfully
2021-04-07 19:48:10 INFO  ConsoleRunner:72 - Executing Use Query
2021-04-07 19:49:25 INFO  ConsoleRunner:83 - Executing Create Query
2021-04-07 19:52:08 INFO  ConsoleRunner:83 - Executing Create Query
2021-04-07 19:54:43 INFO  ConsoleRunner:83 - Executing Create Query
2021-04-07 19:56:35 INFO  ConsoleRunner:112 - Executing Insert Query
2021-04-07 19:57:05 INFO  ConsoleRunner:112 - Executing Insert Query
2021-04-07 19:57:22 INFO  ConsoleRunner:112 - Executing Insert Query
2021-04-07 19:57:34 INFO  ConsoleRunner:119 - Executing Select Query
2021-04-07 19:57:34 INFO  SelectQuery:26 - Table employee present in the database CreateOperation.Use@66d33a
2021-04-07 19:57:35 INFO  SelectQuery:29 - Fetching table employee metadata
2021-04-07 19:57:35 INFO  SelectQuery:32 - query doesn't contain WHERE clause
2021-04-07 19:57:35 INFO  SelectQuery:33 - Fetching all table employee records
2021-04-07 19:57:35 INFO  SelectQuery:35 - Returned all the table employee records
2021-04-07 19:58:45 INFO  ConsoleRunner:119 - Executing Select Query
2021-04-07 19:58:45 INFO  SelectQuery:26 - Table employee present in the database CreateOperation.Use@3f0ee7cb
2021-04-07 19:58:45 INFO  SelectQuery:29 - Fetching table employee metadata
2021-04-07 19:58:45 INFO  SelectQuery:40 - Query has a WHERE clause-- fetching records from conditional clause
2021-04-07 19:58:45 INFO  SelectQuery:51 - Added selected records to data structure
2021-04-07 20:03:26 INFO  ConsoleRunner:39 - Logged in successfully
2021-04-07 20:03:31 INFO  ConsoleRunner:72 - Executing Use Query
2021-04-07 20:03:44 INFO  ConsoleRunner:119 - Executing Select Query
2021-04-07 20:03:44 INFO  SelectQuery:26 - Table employee present in the database CreateOperation.Use@4b6995df
2021-04-07 20:03:44 INFO  SelectQuery:29 - Fetching table employee metadata
2021-04-07 20:03:44 INFO  SelectQuery:40 - Query has a WHERE clause-- fetching records from conditional clause
2021-04-07 20:03:44 INFO  SelectQuery:51 - Added selected records to data structure
2021-04-07 20:08:40 INFO  ConsoleRunner:39 - Logged in successfully
2021-04-07 20:08:45 INFO  ConsoleRunner:72 - Executing Use Query
2021-04-07 20:08:56 INFO  ConsoleRunner:119 - Executing Select Query
2021-04-07 20:08:56 INFO  SelectQuery:26 - Table employee present in the database CreateOperation.Use@4b6995df
2021-04-07 20:08:56 INFO  SelectQuery:29 - Fetching table employee metadata
2021-04-07 20:08:56 INFO  SelectQuery:32 - query doesn't contain WHERE clause
2021-04-07 20:08:56 INFO  SelectQuery:33 - Fetching all table employee records
2021-04-07 20:08:56 INFO  SelectQuery:35 - Returned all the table employee records
2021-04-07 20:10:05 INFO  ConsoleRunner:119 - Executing Select Query
2021-04-07 20:10:05 INFO  SelectQuery:26 - Table employee present in the database CreateOperation.Use@721e0f4f
2021-04-07 20:10:05 INFO  SelectQuery:29 - Fetching table employee metadata
2021-04-07 20:10:05 INFO  SelectQuery:40 - Query has a WHERE clause-- fetching records from conditional clause
2021-04-07 20:10:05 INFO  SelectQuery:51 - Added selected records to data structure
2021-04-07 20:39:18 INFO  ConsoleRunner:39 - Logged in successfully
2021-04-07 20:39:23 INFO  ConsoleRunner:72 - Executing Use Query
2021-04-07 20:40:02 INFO  ConsoleRunner:119 - Executing Select Query
2021-04-07 20:40:02 INFO  SelectQuery:26 - Table employee present in the database CreateOperation.Use@4b6995df
2021-04-07 20:40:02 INFO  SelectQuery:29 - Fetching table employee metadata
2021-04-07 20:40:02 INFO  SelectQuery:40 - Query has a WHERE clause-- fetching records from conditional clause
2021-04-07 20:40:02 INFO  SelectQuery:51 - Added selected records to data structure
2021-04-07 20:44:34 INFO  ConsoleRunner:39 - Logged in successfully
2021-04-07 20:44:39 INFO  ConsoleRunner:72 - Executing Use Query
2021-04-07 20:44:46 INFO  ConsoleRunner:119 - Executing Select Query
2021-04-07 20:45:08 INFO  ConsoleRunner:119 - Executing Select Query
2021-04-07 20:45:54 INFO  ConsoleRunner:39 - Logged in successfully
2021-04-07 20:45:58 INFO  ConsoleRunner:72 - Executing Use Query
2021-04-07 20:46:09 INFO  ConsoleRunner:119 - Executing Select Query
2021-04-07 21:12:49 INFO  ConsoleRunner:39 - Logged in successfully
2021-04-07 21:12:54 INFO  ConsoleRunner:72 - Executing Use Query
2021-04-07 21:13:07 INFO  ConsoleRunner:119 - Executing Select Query
2021-04-07 21:13:24 INFO  ConsoleRunner:133 - Executing Delete Query
2021-04-07 21:13:24 INFO  DeleteParser:13 - Parsing the Delete query
2021-04-07 21:13:24 INFO  DeleteQuery:31 - Table employee present in the database src/Database/newDb
2021-04-07 21:13:24 INFO  DeleteQuery:33 - Fetching table employee metadata
2021-04-07 21:13:24 INFO  DeleteQuery:35 - query contain WHERE clause
2021-04-07 21:13:24 INFO  DeleteQuery:36 - Deleting records with 555 value
2021-04-07 21:13:24 INFO  DeleteQuery:51 - Stored all the records after deleting the selected row
2021-04-07 21:13:24 INFO  DeleteQuery:71 - Updated the table employee
2021-04-07 21:14:32 INFO  ConsoleRunner:119 - Executing Select Query
2021-04-07 21:25:37 INFO  ConsoleRunner:39 - Logged in successfully
2021-04-07 21:25:44 INFO  ConsoleRunner:72 - Executing Use Query
2021-04-07 21:25:54 INFO  ConsoleRunner:119 - Executing Select Query
2021-04-07 21:25:54 INFO  SelectQuery:26 - Table employee present in the database CreateOperation.Use@4b6995df
2021-04-07 21:25:54 INFO  SelectQuery:29 - Fetching table employee metadata
2021-04-07 21:25:54 INFO  SelectQuery:32 - query doesn't contain WHERE clause
2021-04-07 21:25:54 INFO  SelectQuery:33 - Fetching all table employee records
2021-04-07 21:25:54 INFO  SelectQuery:35 - Returned all the table employee records
2021-04-07 21:26:08 INFO  ConsoleRunner:119 - Executing Select Query
2021-04-07 21:26:08 INFO  SelectQuery:26 - Table employee present in the database CreateOperation.Use@721e0f4f
2021-04-07 21:26:08 INFO  SelectQuery:29 - Fetching table employee metadata
2021-04-07 21:26:26 INFO  ConsoleRunner:119 - Executing Select Query
2021-04-07 21:26:26 INFO  SelectQuery:26 - Table employee present in the database CreateOperation.Use@28864e92
2021-04-07 21:26:26 INFO  SelectQuery:29 - Fetching table employee metadata
2021-04-07 21:26:26 INFO  SelectQuery:40 - Query has a WHERE clause-- fetching records from conditional clause
2021-04-07 21:26:26 INFO  SelectQuery:51 - Added selected records to data structure
2021-04-07 21:26:53 INFO  ConsoleRunner:119 - Executing Select Query
2021-04-07 21:26:53 INFO  SelectQuery:26 - Table employee present in the database CreateOperation.Use@649d209a
2021-04-07 21:26:53 INFO  SelectQuery:29 - Fetching table employee metadata
2021-04-07 21:26:53 INFO  SelectQuery:40 - Query has a WHERE clause-- fetching records from conditional clause
2021-04-07 21:26:53 INFO  SelectQuery:51 - Added selected records to data structure
2021-04-07 22:41:58 INFO  ConsoleRunner:40 - Logged in successfully
2021-04-07 22:42:07 INFO  ConsoleRunner:73 - Executing Use Query
2021-04-07 22:42:16 INFO  ConsoleRunner:120 - Executing Select Query
2021-04-07 22:42:16 INFO  SelectQuery:26 - Table employee present in the database CreateOperation.Use@4b6995df
2021-04-07 22:42:16 INFO  SelectQuery:29 - Fetching table employee metadata
2021-04-07 22:42:16 INFO  SelectQuery:32 - query doesn't contain WHERE clause
2021-04-07 22:42:16 INFO  SelectQuery:33 - Fetching all table employee records
2021-04-07 22:42:16 INFO  SelectQuery:35 - Returned all the table employee records
2021-04-07 23:09:00 INFO  ConsoleRunner:40 - Logged in successfully
2021-04-07 23:10:12 INFO  ConsoleRunner:40 - Logged in successfully
2021-04-07 23:10:23 INFO  ConsoleRunner:73 - Executing Use Query
2021-04-07 23:11:59 INFO  ConsoleRunner:84 - Executing Create Query
2021-04-07 23:16:35 INFO  ConsoleRunner:40 - Logged in successfully
2021-04-07 23:16:42 INFO  ConsoleRunner:73 - Executing Use Query
2021-04-07 23:23:38 INFO  ConsoleRunner:40 - Logged in successfully
2021-04-07 23:23:43 INFO  ConsoleRunner:73 - Executing Use Query
2021-04-07 23:24:18 INFO  ConsoleRunner:40 - Logged in successfully
2021-04-07 23:24:50 INFO  ConsoleRunner:40 - Logged in successfully
2021-04-07 23:25:33 INFO  ConsoleRunner:40 - Logged in successfully
2021-04-07 23:25:46 INFO  ConsoleRunner:73 - Executing Use Query
2021-04-07 23:27:14 INFO  ConsoleRunner:40 - Logged in successfully
2021-04-07 23:27:20 INFO  ConsoleRunner:73 - Executing Use Query
2021-04-07 23:43:38 INFO  ConsoleRunner:113 - Executing Insert Query
2021-04-19 02:39:19 INFO  ConsoleRunner:42 - Logged in successfully
2021-04-20 15:49:30 INFO  ConsoleRunner:42 - Logged in successfully
2021-04-20 15:52:10 INFO  ConsoleRunner:42 - Logged in successfully
2021-04-20 15:52:20 INFO  ConsoleRunner:86 - Executing Create Query
2021-04-20 15:52:45 INFO  ConsoleRunner:86 - Executing Create Query
2021-04-20 15:53:14 INFO  ConsoleRunner:75 - Executing Use Query
2021-04-20 15:54:02 INFO  ConsoleRunner:86 - Executing Create Query
2021-04-20 15:55:15 INFO  ConsoleRunner:42 - Logged in successfully
2021-04-20 15:56:38 ERROR ConsoleRunner:46 - login Failed
2021-04-20 15:57:11 INFO  ConsoleRunner:42 - Logged in successfully
2021-04-20 15:57:24 INFO  ConsoleRunner:86 - Executing Create Query
2021-04-20 15:57:59 INFO  ConsoleRunner:75 - Executing Use Query
2021-04-20 15:58:33 INFO  ConsoleRunner:86 - Executing Create Query
2021-04-20 15:59:02 INFO  ConsoleRunner:75 - Executing Use Query
2021-04-20 16:00:07 INFO  ConsoleRunner:86 - Executing Create Query
2021-04-20 16:00:53 INFO  ConsoleRunner:86 - Executing Create Query
2021-04-20 16:02:50 INFO  ConsoleRunner:115 - Executing Insert Query
2021-04-20 16:04:12 ERROR ConsoleRunner:46 - login Failed
2021-04-20 16:04:28 INFO  ConsoleRunner:42 - Logged in successfully
2021-04-20 16:04:34 INFO  ConsoleRunner:75 - Executing Use Query
2021-04-20 16:05:15 INFO  ConsoleRunner:115 - Executing Insert Query
2021-04-20 16:05:48 INFO  ConsoleRunner:115 - Executing Insert Query
2021-04-20 16:06:12 INFO  ConsoleRunner:115 - Executing Insert Query
2021-04-20 16:07:28 INFO  ConsoleRunner:115 - Executing Insert Query
2021-04-20 16:08:16 INFO  ConsoleRunner:115 - Executing Insert Query
2021-04-20 16:09:26 INFO  ConsoleRunner:115 - Executing Insert Query
2021-04-20 16:21:11 INFO  ConsoleRunner:44 - Logged in successfully
2021-04-20 16:21:19 INFO  ConsoleRunner:77 - Executing Use Query
2021-04-20 16:22:32 INFO  ConsoleRunner:117 - Executing Insert Query
2021-04-20 16:23:33 ERROR ConsoleRunner:48 - login Failed
2021-04-20 16:23:54 INFO  ConsoleRunner:44 - Logged in successfully
2021-04-20 16:24:18 INFO  ConsoleRunner:117 - Executing Insert Query
2021-04-20 22:17:20 INFO  ConsoleRunner:44 - Logged in successfully
2021-04-20 22:17:31 INFO  ConsoleRunner:77 - Executing Use Query
2021-04-20 22:19:34 INFO  ConsoleRunner:88 - Executing Create Query
2021-04-20 22:20:06 INFO  ConsoleRunner:88 - Executing Create Query
2021-04-20 22:21:42 INFO  ConsoleRunner:88 - Executing Create Query
2021-04-20 22:24:05 ERROR ConsoleRunner:48 - login Failed
2021-04-20 22:24:18 INFO  ConsoleRunner:44 - Logged in successfully
2021-04-20 22:24:23 INFO  ConsoleRunner:77 - Executing Use Query
2021-04-20 22:25:15 INFO  ConsoleRunner:88 - Executing Create Query
2021-04-20 22:25:43 INFO  ConsoleRunner:44 - Logged in successfully
2021-04-20 22:25:48 INFO  ConsoleRunner:77 - Executing Use Query
2021-04-20 22:26:34 INFO  ConsoleRunner:88 - Executing Create Query
2021-04-20 22:27:37 INFO  ConsoleRunner:88 - Executing Create Query
2021-04-21 00:41:13 WARN  ConsoleRunner:56 - Bad Input
2021-04-21 00:41:29 INFO  ConsoleRunner:44 - Logged in successfully
2021-04-21 00:41:35 INFO  ConsoleRunner:77 - Executing Use Query
2021-04-21 00:42:49 INFO  ConsoleRunner:88 - Executing Create Query
2021-04-21 00:43:23 INFO  ConsoleRunner:88 - Executing Create Query
2021-04-21 00:44:07 INFO  ConsoleRunner:88 - Executing Create Query
2021-04-21 00:44:51 INFO  ConsoleRunner:88 - Executing Create Query
2021-04-21 03:06:40 INFO  ConsoleRunner:45 - Logged in successfully
2021-04-21 03:10:57 INFO  ConsoleRunner:45 - Logged in successfully
2021-04-21 03:11:03 INFO  ConsoleRunner:126 - Executing Use Query
2021-04-21 03:15:57 INFO  ConsoleRunner:45 - Logged in successfully
2021-04-21 03:16:06 INFO  ConsoleRunner:127 - Executing Use Query
2021-04-21 03:19:30 INFO  ConsoleRunner:45 - Logged in successfully
2021-04-21 03:19:36 INFO  ConsoleRunner:126 - Executing Use Query
2021-04-21 03:19:48 INFO  ConsoleRunner:126 - Executing Use Query
2021-04-21 03:25:03 INFO  ConsoleRunner:45 - Logged in successfully
2021-04-21 03:25:09 INFO  ConsoleRunner:126 - Executing Use Query
2021-04-21 03:33:48 INFO  ConsoleRunner:45 - Logged in successfully
2021-04-21 03:34:02 INFO  ConsoleRunner:152 - Executing Use Query
2021-04-21 03:37:55 ERROR ConsoleRunner:49 - login Failed
2021-04-21 03:38:13 INFO  ConsoleRunner:45 - Logged in successfully
2021-04-21 03:38:30 INFO  ConsoleRunner:153 - Executing Use Query
2021-04-21 03:45:27 INFO  ConsoleRunner:45 - Logged in successfully
2021-04-21 03:45:33 INFO  ConsoleRunner:154 - Executing Use Query
2021-04-21 03:45:39 INFO  ConsoleRunner:154 - Executing Use Query
2021-04-21 03:48:57 INFO  ConsoleRunner:45 - Logged in successfully
2021-04-21 03:49:02 INFO  ConsoleRunner:155 - Executing Use Query
2021-04-21 03:52:15 INFO  ConsoleRunner:45 - Logged in successfully
2021-04-21 03:52:27 INFO  ConsoleRunner:155 - Executing Use Query
2021-04-21 03:53:59 INFO  ConsoleRunner:45 - Logged in successfully
2021-04-21 03:54:10 INFO  ConsoleRunner:155 - Executing Use Query
2021-04-21 03:57:35 INFO  ConsoleRunner:45 - Logged in successfully
2021-04-21 03:57:41 INFO  ConsoleRunner:155 - Executing Use Query
2021-04-21 04:05:08 INFO  ConsoleRunner:45 - Logged in successfully
2021-04-21 04:05:17 INFO  ConsoleRunner:118 - Executing Use Query
2021-04-21 04:23:37 INFO  ConsoleRunner:46 - Logged in successfully
2021-04-21 04:23:42 INFO  ConsoleRunner:119 - Executing Use Query
2021-04-21 04:29:59 INFO  ConsoleRunner:46 - Logged in successfully
2021-04-21 04:30:04 INFO  ConsoleRunner:119 - Executing Use Query
2021-04-21 04:42:42 INFO  ConsoleRunner:46 - Logged in successfully
2021-04-21 04:42:48 INFO  ConsoleRunner:116 - Executing Use Query
2021-04-21 04:51:31 INFO  ConsoleRunner:46 - Logged in successfully
2021-04-21 04:51:36 INFO  ConsoleRunner:116 - Executing Use Query
